0 info it worked if it ends with ok
1 verbose cli [ '/opt/local/bin/node', '/opt/local/bin/npm', 'publish' ]
2 info using npm@1.2.18
3 info using node@v0.10.4
4 verbose publish [ '.' ]
5 verbose read json /Users/boutell/src/apostrophe-snippets/package.json
6 verbose cache add [ '.', null ]
7 verbose cache add name=undefined spec="." args=[".",null]
8 verbose parsed url { protocol: null,
8 verbose parsed url   slashes: null,
8 verbose parsed url   auth: null,
8 verbose parsed url   host: null,
8 verbose parsed url   port: null,
8 verbose parsed url   hostname: null,
8 verbose parsed url   hash: null,
8 verbose parsed url   search: null,
8 verbose parsed url   query: null,
8 verbose parsed url   pathname: '.',
8 verbose parsed url   path: '.',
8 verbose parsed url   href: '.' }
9 silly lockFile 3a52ce78- .
10 verbose lock . /Users/boutell/.npm/3a52ce78-.lock
11 verbose read json package.json
12 verbose tar pack [ '/var/folders/2m/z8_zgznx3sxfz5k57jz4z0yr0000gn/T/npm-15364/1374616222983-0.20415593963116407/tmp.tgz',
12 verbose tar pack   '.' ]
13 verbose tarball /var/folders/2m/z8_zgznx3sxfz5k57jz4z0yr0000gn/T/npm-15364/1374616222983-0.20415593963116407/tmp.tgz
14 verbose folder .
15 info prepublish apostrophe-snippets@0.0.46
16 silly lockFile 3a52ce78- .
17 verbose lock . /Users/boutell/.npm/3a52ce78-.lock
18 silly lockFile ba5a2f74-2983-0-20415593963116407-tmp-tgz /var/folders/2m/z8_zgznx3sxfz5k57jz4z0yr0000gn/T/npm-15364/1374616222983-0.20415593963116407/tmp.tgz
19 verbose lock /var/folders/2m/z8_zgznx3sxfz5k57jz4z0yr0000gn/T/npm-15364/1374616222983-0.20415593963116407/tmp.tgz /Users/boutell/.npm/ba5a2f74-2983-0-20415593963116407-tmp-tgz.lock
20 silly lockFile 3a52ce78- .
21 silly lockFile 3a52ce78- .
22 silly lockFile ba5a2f74-2983-0-20415593963116407-tmp-tgz /var/folders/2m/z8_zgznx3sxfz5k57jz4z0yr0000gn/T/npm-15364/1374616222983-0.20415593963116407/tmp.tgz
23 silly lockFile ba5a2f74-2983-0-20415593963116407-tmp-tgz /var/folders/2m/z8_zgznx3sxfz5k57jz4z0yr0000gn/T/npm-15364/1374616222983-0.20415593963116407/tmp.tgz
24 verbose tar unpack /var/folders/2m/z8_zgznx3sxfz5k57jz4z0yr0000gn/T/npm-15364/1374616222983-0.20415593963116407/tmp.tgz
25 silly lockFile 946aa71b-2983-0-20415593963116407-package /var/folders/2m/z8_zgznx3sxfz5k57jz4z0yr0000gn/T/npm-15364/1374616222983-0.20415593963116407/package
26 verbose lock /var/folders/2m/z8_zgznx3sxfz5k57jz4z0yr0000gn/T/npm-15364/1374616222983-0.20415593963116407/package /Users/boutell/.npm/946aa71b-2983-0-20415593963116407-package.lock
27 silly lockFile ba5a2f74-2983-0-20415593963116407-tmp-tgz /var/folders/2m/z8_zgznx3sxfz5k57jz4z0yr0000gn/T/npm-15364/1374616222983-0.20415593963116407/tmp.tgz
28 verbose lock /var/folders/2m/z8_zgznx3sxfz5k57jz4z0yr0000gn/T/npm-15364/1374616222983-0.20415593963116407/tmp.tgz /Users/boutell/.npm/ba5a2f74-2983-0-20415593963116407-tmp-tgz.lock
29 silly gunzTarPerm modes [ '755', '644' ]
30 silly gunzTarPerm extractEntry package.json
31 silly gunzTarPerm extractEntry .npmignore
32 silly gunzTarPerm extractEntry README.md
33 silly gunzTarPerm extractEntry LICENSE
34 silly gunzTarPerm extractEntry index.js
35 silly gunzTarPerm extractEntry widget.js
36 silly gunzTarPerm extractEntry public/js/content.js
37 silly gunzTarPerm extractEntry public/js/editor.js
38 silly gunzTarPerm extractEntry views/new.html
39 silly gunzTarPerm extractEntry views/edit.html
40 silly gunzTarPerm extractEntry views/index.html
41 silly gunzTarPerm extractEntry views/indexAjax.html
42 silly gunzTarPerm extractEntry views/manage.html
43 silly gunzTarPerm extractEntry views/menu.html
44 silly gunzTarPerm extractEntry views/import.html
45 silly gunzTarPerm extractEntry views/pageSettings.html
46 silly gunzTarPerm extractEntry views/show.html
47 silly gunzTarPerm extractEntry views/snippetMacros.html
48 silly gunzTarPerm extractEntry views/widget.html
49 silly gunzTarPerm extractEntry views/widgetEditor.html
50 verbose read json /var/folders/2m/z8_zgznx3sxfz5k57jz4z0yr0000gn/T/npm-15364/1374616222983-0.20415593963116407/package/package.json
51 silly lockFile 946aa71b-2983-0-20415593963116407-package /var/folders/2m/z8_zgznx3sxfz5k57jz4z0yr0000gn/T/npm-15364/1374616222983-0.20415593963116407/package
52 silly lockFile 946aa71b-2983-0-20415593963116407-package /var/folders/2m/z8_zgznx3sxfz5k57jz4z0yr0000gn/T/npm-15364/1374616222983-0.20415593963116407/package
53 silly lockFile ba5a2f74-2983-0-20415593963116407-tmp-tgz /var/folders/2m/z8_zgznx3sxfz5k57jz4z0yr0000gn/T/npm-15364/1374616222983-0.20415593963116407/tmp.tgz
54 silly lockFile ba5a2f74-2983-0-20415593963116407-tmp-tgz /var/folders/2m/z8_zgznx3sxfz5k57jz4z0yr0000gn/T/npm-15364/1374616222983-0.20415593963116407/tmp.tgz
55 verbose from cache /var/folders/2m/z8_zgznx3sxfz5k57jz4z0yr0000gn/T/npm-15364/1374616222983-0.20415593963116407/package/package.json
56 verbose tar pack [ '/Users/boutell/.npm/apostrophe-snippets/0.0.46/package.tgz',
56 verbose tar pack   '/var/folders/2m/z8_zgznx3sxfz5k57jz4z0yr0000gn/T/npm-15364/1374616222983-0.20415593963116407/package' ]
57 verbose tarball /Users/boutell/.npm/apostrophe-snippets/0.0.46/package.tgz
58 verbose folder /var/folders/2m/z8_zgznx3sxfz5k57jz4z0yr0000gn/T/npm-15364/1374616222983-0.20415593963116407/package
59 silly lockFile 946aa71b-2983-0-20415593963116407-package /var/folders/2m/z8_zgznx3sxfz5k57jz4z0yr0000gn/T/npm-15364/1374616222983-0.20415593963116407/package
60 verbose lock /var/folders/2m/z8_zgznx3sxfz5k57jz4z0yr0000gn/T/npm-15364/1374616222983-0.20415593963116407/package /Users/boutell/.npm/946aa71b-2983-0-20415593963116407-package.lock
61 silly lockFile 75de5ccb-ophe-snippets-0-0-46-package-tgz /Users/boutell/.npm/apostrophe-snippets/0.0.46/package.tgz
62 verbose lock /Users/boutell/.npm/apostrophe-snippets/0.0.46/package.tgz /Users/boutell/.npm/75de5ccb-ophe-snippets-0-0-46-package-tgz.lock
63 silly lockFile 946aa71b-2983-0-20415593963116407-package /var/folders/2m/z8_zgznx3sxfz5k57jz4z0yr0000gn/T/npm-15364/1374616222983-0.20415593963116407/package
64 silly lockFile 946aa71b-2983-0-20415593963116407-package /var/folders/2m/z8_zgznx3sxfz5k57jz4z0yr0000gn/T/npm-15364/1374616222983-0.20415593963116407/package
65 silly lockFile 75de5ccb-ophe-snippets-0-0-46-package-tgz /Users/boutell/.npm/apostrophe-snippets/0.0.46/package.tgz
66 silly lockFile 75de5ccb-ophe-snippets-0-0-46-package-tgz /Users/boutell/.npm/apostrophe-snippets/0.0.46/package.tgz
67 silly lockFile 1ae60e8c-ostrophe-snippets-0-0-46-package /Users/boutell/.npm/apostrophe-snippets/0.0.46/package
68 verbose lock /Users/boutell/.npm/apostrophe-snippets/0.0.46/package /Users/boutell/.npm/1ae60e8c-ostrophe-snippets-0-0-46-package.lock
69 silly lockFile 1ae60e8c-ostrophe-snippets-0-0-46-package /Users/boutell/.npm/apostrophe-snippets/0.0.46/package
70 silly lockFile 1ae60e8c-ostrophe-snippets-0-0-46-package /Users/boutell/.npm/apostrophe-snippets/0.0.46/package
71 verbose tar unpack /Users/boutell/.npm/apostrophe-snippets/0.0.46/package.tgz
72 silly lockFile 1ae60e8c-ostrophe-snippets-0-0-46-package /Users/boutell/.npm/apostrophe-snippets/0.0.46/package
73 verbose lock /Users/boutell/.npm/apostrophe-snippets/0.0.46/package /Users/boutell/.npm/1ae60e8c-ostrophe-snippets-0-0-46-package.lock
74 silly lockFile 75de5ccb-ophe-snippets-0-0-46-package-tgz /Users/boutell/.npm/apostrophe-snippets/0.0.46/package.tgz
75 verbose lock /Users/boutell/.npm/apostrophe-snippets/0.0.46/package.tgz /Users/boutell/.npm/75de5ccb-ophe-snippets-0-0-46-package-tgz.lock
76 silly gunzTarPerm modes [ '755', '644' ]
77 silly gunzTarPerm extractEntry package.json
78 silly gunzTarPerm extractEntry .npmignore
79 silly gunzTarPerm extractEntry README.md
80 silly gunzTarPerm extractEntry LICENSE
81 silly gunzTarPerm extractEntry index.js
82 silly gunzTarPerm extractEntry widget.js
83 silly gunzTarPerm extractEntry public/js/content.js
84 silly gunzTarPerm extractEntry public/js/editor.js
85 silly gunzTarPerm extractEntry views/new.html
86 silly gunzTarPerm extractEntry views/edit.html
87 silly gunzTarPerm extractEntry views/index.html
88 silly gunzTarPerm extractEntry views/indexAjax.html
89 silly gunzTarPerm extractEntry views/manage.html
90 silly gunzTarPerm extractEntry views/menu.html
91 silly gunzTarPerm extractEntry views/import.html
92 silly gunzTarPerm extractEntry views/pageSettings.html
93 silly gunzTarPerm extractEntry views/show.html
94 silly gunzTarPerm extractEntry views/snippetMacros.html
95 silly gunzTarPerm extractEntry views/widget.html
96 silly gunzTarPerm extractEntry views/widgetEditor.html
97 verbose read json /Users/boutell/.npm/apostrophe-snippets/0.0.46/package/package.json
98 silly lockFile 1ae60e8c-ostrophe-snippets-0-0-46-package /Users/boutell/.npm/apostrophe-snippets/0.0.46/package
99 silly lockFile 1ae60e8c-ostrophe-snippets-0-0-46-package /Users/boutell/.npm/apostrophe-snippets/0.0.46/package
100 silly lockFile 75de5ccb-ophe-snippets-0-0-46-package-tgz /Users/boutell/.npm/apostrophe-snippets/0.0.46/package.tgz
101 silly lockFile 75de5ccb-ophe-snippets-0-0-46-package-tgz /Users/boutell/.npm/apostrophe-snippets/0.0.46/package.tgz
102 silly shasum updated bytes 40556
103 info shasum b55b7fc4a98caa9cfb3b58609002cb90cbae989a
103 info shasum /Users/boutell/.npm/apostrophe-snippets/0.0.46/package.tgz
104 verbose from cache /Users/boutell/.npm/apostrophe-snippets/0.0.46/package/package.json
105 verbose chmod /Users/boutell/.npm/apostrophe-snippets/0.0.46/package.tgz 644
106 verbose chown /Users/boutell/.npm/apostrophe-snippets/0.0.46/package.tgz [ 501, 501 ]
107 silly lockFile 3a52ce78- .
108 silly publish { name: 'apostrophe-snippets',
108 silly publish   version: '0.0.46',
108 silly publish   description: 'Reusable content snippets for the Apostrophe content management system. The blog and events modules are built on this foundation, which is also useful in and of itself.',
108 silly publish   main: 'index.js',
108 silly publish   scripts: { test: 'echo "Error: no test specified" && exit 1' },
108 silly publish   repository:
108 silly publish    { type: 'git',
108 silly publish      url: 'git@github.com:punkave/apostrophe-snippets.git' },
108 silly publish   keywords:
108 silly publish    [ 'snippets',
108 silly publish      'reuse',
108 silly publish      'content reuse',
108 silly publish      'content strategy',
108 silly publish      'apostrophe',
108 silly publish      'cms',
108 silly publish      'punkave' ],
108 silly publish   author: { name: 'P\'unk Avenue LLC' },
108 silly publish   license: 'MIT',
108 silly publish   dependencies:
108 silly publish    { async: '~0.2.6',
108 silly publish      underscore: '~1.4.4',
108 silly publish      extend: '~1.1.3',
108 silly publish      csv: '~0.2.9',
108 silly publish      moment: '~2.0.0' },
108 silly publish   readme: '# apostrophe-snippets\n\n`apostrophe-snippets` adds a repository of reusable content snippets to the [Apostrophe](http://github.com/punkave/apostrophe) content management system. Just as important, `apostrophe-snippets` provides a base on which the `apostrophe-blog`, `apostrophe-events` and other modules are built, among other modules that introduce new types of content. One can add a page to the site that displays a collection of snippet titles in alphabetical order and click on these to access individual snippets at their own "permalink" URLs. The blog and events modules extend this behavior to achieve similar goals with a minimum of code duplication.\n\nIn addition, snippets can be inserted into any content area via the snippet widget. This is the most common direct use of the snippets module: inserting, for instance, driving directions in many places on the site, while maintaining the ability to edit that content in just one place.\n\nSo there are three main ways a snippet might appear to the end user:\n\n* Via a *snippet widget*, which can be used to insert one or more snippets into any content area. The snippet widget appears as an icon in the content editor\'s toolbar. The snippet widget can also be used as a singleton (via `aposSingleton`). This is the most common direct use for the snippets module.\n* On an *index page*, providing a way to browse many snippets, potentially filtered by tag. Snippet index pages are part of Apostrophe\'s page tree; you can change the type of any page to a "snippets" page via the "page settings" menu. You might use them to display a collection of related documents which don\'t fit into your tree of pages. You can lock down the snippets that will be displayed on a particular snippet index page by entering specific tags via "Page Settings" on the "Pages" menu. Although available directly, this feature is most often used in subclasses of snippets, such as the blog module.\n* On a *show page*, featuring that snippet by itself at its own URL. As far as the `apostrophe-pages` module and Apostrophe\'s page tree are concerned, a "show page" is actually just an extension of an index page. The snippets module spots the slug of the index page in the URL, then takes the remainder of the URL and looks for a snippet with that slug. "Subclasses" of snippets, like the blog module, may easily alter the way the remainder of the URL is used to accommodate displaying a publication date in the URL.\n\n## Using Snippets Directly\n\nSnippets are quite useful by themselves. Quite often, the snippet widget is enabled in a project to allow reuse of frequently-changing content displayed in a variety of places at the end user\'s discretion, rather than hardcoding a shared area or singleton into the page templates.\n\nTo enable snippets in a project, you\'ll need the following code (taken from `app.js` of the sandbox project):\n\n    var snippets;\n    ...\n    // After initializing Express, apostrophe and apostrophe-pages\n    snippets = require(\'apostrophe-snippets\')({\n      apos: apos,\n      pages: pages,\n      app: app,\n      searchable: false,\n      widget: true,\n    }, callback);\n\nNote that the snippet module\'s initialization function requires a callback. Since most modules relating to Apostrophe require callbacks we recommend using `async.series` to easily call them all in sequence. See the sandbox project for a simple example.\n\n### Overriding Snippet Templates\n\nIf you\'d like to just create custom templates for an existing snippet module, you can create a project-specific override of that module. The current Apostrophe "best-practice" for this involves creating a top-level directory named "lib" (i.e. /my-project/lib/), and then creating custom versions of the template there (i.e. /my-project/lib/snippets).\n\nThe bare requirements for each of these template overrides is an index.js file (/my-project/lib/snippets/index.js) and a client-side file called "editor.js" which lives in a  directory named "public/js" (/my-project/lib/snippets/public/js/editor.js). We\'ll take a brief look at the bare bones of these files below.\n\nBut first, we\'ll need to update our app.js. Using our snippets example from above, we\'ll change our initAposSnippets function in app.js to the following:\n\n    var snippets;\n    ...\n    // After initializing Express, apostrophe and apostrophe-pages\n    snippets = require(\'./lib/snippets/index.js\')({\n      apos: apos,\n      pages: pages,\n      app: app,\n      searchable: false,\n      widget: true,\n    }, callback);\n\nNote that we are now requiring our local overide of the module instead of the npm installed "apostrophe-snippets." We can do this because we\'ll be calling that module in our local override. Let\'s dig into these two files:\n\nTo begin with, we\'ll need to create a server-side file called "index.js" directly inside our custom module folder (i.e. /my-project/lib/snippets/index.js ). The file should roughly contain the following:\n\n    // Extend the snippets module just enough to get our own views folder\n    var _ = require(\'underscore\');\n    var snippets = require(\'apostrophe-snippets\');\n\n    module.exports = mySnippets;\n\n    function mySnippets(options, callback) {\n      return new mySnippets.MySnippets(options, callback);\n    }\n\n    mySnippets.MySnippets = function(options, callback) {\n      var self = this;\n\n      options.modules = (options.modules || []).concat([ { dir: __dirname, name: \'mySnippets\' } ]);\n\n      // We\'re not doing much other than establishing a context for template overrides,\n      // so just let the base constructor invoke the callback for us\n      return snippets.Snippets.call(this, options, callback);\n    };\n\nIt\'s important to note that we\'re creating a specifically different directory with a different name (here, it\'s "mySnippets"). Without this specific name, the app won\'t know which directory to look in for various functions.\n\nIn addition to the server-side file, we\'ll need to build a file for the browser to access and build from. So we\'ll create a file named "editor.js" in a "js" directory inside of a "public" directory in this module override (i.e. /my-project/lib/snippets/public/js/editor.js). We\'ll throw the following base functionality into that editor.js file:\n\n    // No changes to the browser-side behavior of snippets for now\n\n    function MySnippets(options) {\n      var self = this;\n      AposSnippets.call(self, options);\n    }\n\n    MySnippets.addWidgetType = function(options) {\n      AposSnippets.addWidgetType(options);\n    };\n\nIn this editor.js file, we\'re simply connecting the override module to the original module\'s functionality. We\'re not getting fancy here (you can read about extending the functionality below).\n\nOnce again, we\'ll need to update the aposInitSnippets function in our app.js to make sure we\'re calling the right constructor on the browser-side:\n\n    snippets = require(\'./lib/modules/snippets/index.js\')({\n      apos: apos,\n      pages: pages,\n      app: app,\n      searchable: false,\n      widget: true,\n      browser: {\n        construct: \'MySnippets\'\n      }\n    }, callback);\n\nNow that we\'ve got the overrides setup, we can create a "views" directory in the module overide folder and customize the templates for our project (i.e. /lib/snippets/views/templateFile.html). You can copy any or all files from the "views" directory of the original module, but note that to add any extra fields or extend the functionality of the module, you\'ll need to subclass that particular snippet (or simply create your own content type). Read on below about subclassing a snippets module.\n\n### Inserting the Snippets Admin Menu\n\nThe above code sets up snippets both as a page type (for creating snippet index pages) and as a widget, and also provides a "snippets" admin dropdown menu which can be included in your outer layout via the following nunjucks code:\n\n    {{ aposSnippetMenu({ edit: editSnippet }) }}\n\nSee `outerLayout.html` in the sandbox project for the best way of handling the admin menus.\n\n### Disabling Snippets As A Page Type ###\n\nIf you don\'t want snippets to be available as a page type and are only interested in them as widgets, you can choose to leave them out when you call the `setMenu` method of the `apostrophe-pages` module at the end of your Apostrophe initialization code:\n\n    pages.setMenu([\n      { name: \'default\', label: \'Default (Two Column)\' },\n      { name: \'home\', label: \'Home Page\' },\n      { name: \'blog\', label: \'Blog\' },\n      { name: \'events\', label: \'Events\' },\n      // Let\'s not offer snippet index pages on the site\n      // { name: \'snippets\', label: \'Snippets\' }\n    ]);\n\nIf you do not call `pages.setMenu`, you\'ll get all of the page types that were registered in your application, in the order they were registered. In most cases you\'ll want to use `pages.setMenu` to change the order, change the labels and leave out a few page types.\n\n## Creating Your Own Content Types: Subclassing Snippets\n\nIt\'s possible to create your own content types based on snippets. This has a lot of advantages. All of the tools to manage snippets have already been built for you and are easily extended without code duplication to accommodate new content. The snippets module also implements an Apostrophe page loader function for you, ready to display "index pages" and "show pages" out of the box. And of course a widget for reusing snippets anywhere on the site is built in.\n\nAbsolutely nothing is preventing you from implementing your own page loader functions and your own admin tools for managing content, and sometimes this may be desirable. But in most cases subclassing snippets is the right way to go.\n\nSubclasses of snippets can extend their behavior on both the server side and the browser side. Server-side code is often needed to change the way snippets are selected and filtered and to extend snippet objects with new properties. And browser-side code is needed to add more fields to the management interface, as well as extending the widget with browser-side JavaScript as we\'ll see below.\n\nThe simplest example of a subclass of snippets is currently the `apostrophe-blog` module. Let\'s take a look at how it works.\n\n### Your module and its server-side code\n\nThe `apostrophe-blog` module is a separate npm module, with its own `index.js` file as an entry point on the server side (the file that is loaded by `require(\'apostrophe-blog\')`). npm modules are a great way to distribute subclasses of snippets as open source. But if you need a private subclass in your project, we recommend creating a `lib/modules/mymodule` folder, requiring `index.js` from there explicitly, and otherwise writing your code exactly as you would in a public npm module.\n\nWe structure `index.js` this way:\n\n    var _ = require(\'underscore\');\n    var snippets = require(\'apostrophe-snippets\');\n\n    module.exports = blog;\n\n    function blog(options, callback) {\n      return new blog.Blog(options, callback);\n    }\n\n    blog.Blog = function(options, callback) {\n      ...\n    }\n\nBy setting `module.exports` to a function that invokes the constructor, we provide a convenient way to invoke it directly, as shown earlier. By attaching the constructor to that function as a property, we provide a way to access it from another module if we wish to subclass the blog.\n\nNow let\'s delve into the `blog.Blog` constructor function. The first step is to capture `this` into a variable called `self`, so that we can always access it even if `this` changes in the context of a callback:\n\n    var self = this;\n\nBy nesting all of our other functions and methods inside this constructor we ensure that they can all see `self`.\n\nNext we\'ll need to call the constructor for the snippets module so that we can inherit its behavior. (Other programming languages call this "invoking the base class constructor" or something similar.) But first we\'ll alter some of its options so that the snippets module manipulates and talks about blog posts instead of snippets. Note, however, that we use the `_.defaults` method to achieve this. This ensures that we don\'t interfere if the options have already been set, either at the project level (`app.js`) or by a subclass of the blog module (yes, you can subclass a subclass).\n\n    _.defaults(options, {\n      instance: \'blogPost\',\n      name: options.name || \'blog\',\n      label: options.name || \'Blog\',\n      // Don\'t specify an icon unless it is actually present in the icon font\n      // (TODO: make it easier for third parties to add icons)\n      icon: false,\n      // The default would be aposBlogPostMenu, this is more natural\n      menuName: \'aposBlogMenu\'\n    });\n\n    options.modules = (options.modules || []).concat([ { dir: __dirname, name: \'blog\' } ]);\n\n`_.defaults` is simple enough, but what is all this `options.modules` business? `options.modules` is a list containing information about all of the parent classes of our subclass, so that the snippets module can deliver all of the necessary CSS and JavaScript assets to the browser. Each entry in the array has a `dir` property and a `name` property. The `name` property should match the `name` option. The `name` option will be overridden if someone subclasses our blog, but every subclass just adds more elements to the `modules` array so that information about all of the parent classes is available.\n\n### Instance Types: Carving Out Our Own Content Type\n\nThe `instance` option is the most important decision we\'ll make.\n\nIs our goal simply to offer another choice of page type that presents snippets differently, drawing from the same pool of content?\n\nOr do we want a separate collection entirely, one that does not show up when managing regular snippets?\n\nFor a blog, we want the latter: a separate collection of our own, just for blog articles, with its own admin menu.\n\nTo achieve that, we set the `instance` option, changing the default setting (`snippet`) to our own setting (`blogPost`).\n\nWhen we create a subclass of snippets with its own instance type, we become responsible for providing an admin menu for that type. We\'ll do that in our own version of the `menu.html` template, overriding the default version in the snippets module, as explained below.\n\n### Custom Templates For Our Subclass\n\nWe\'ll want to override some or all of the nunjucks templates provided with the snippets module. To do that, we\'ll add a `views` folder to our own module (whether it lives in npm or in a lib/modules folder).\n\nTo enable that, we\'ll set the `dirs` option before calling the parent class constructor:\n\n    // Find our templates before the snippet templates (a chain of overrides)\n    options.dirs = (options.dirs || []).concat([ __dirname ]);\n\nThis code ensures that the snippet templating engine will look for templates in our own module\'s `views/` subdirectory before it checks the `views/` subdirectory of the `apostrophe-snippets` module. Notice that we take care to put our own directory after any directories supplied to us as options. This allows our own module to be subclassed, or just tweaked a little at the project level at the time it is initialized.\n\nNow we can have our own `views/index.html`, `views/show.html` and `views/widget.html` templates.\n\nSince the instance type is different, we will also want new `views/menu.html`, `views/new.html`, `views/edit.html` and `views/manage.html` templates. The `menu` template presents the admin dropdown menu with options such as "new article" and "manage articles." The `new` template presents the modal dialog for creating a new article. And the `edit` template presents the modal dialog for editing an existing article. The `edit` template extends the `new` template to avoid redundancy. And both make heavy use of `snippetMacros.html` which offers conveniences for rendering each type of field in a form.\n\nThe `manage` template displays a list view of all snippets, with filters and (soon) pagination, allowing the user to edit or delete them as needed.\n\n*You must edit each of these templates to use the right CSS class names based on your instance type.* Follow the pattern in the existing templates for snippets.* For instance, `apos-manage-snippet` becomes `apos-manage-blog-post`.\n\n*It is important to note that adding a new field in these templates does not mean it will automatically be sent by the browser or saved by the server.* We\'ll address that a little further on below under "adding new properties to your snippets."\n\n### Snippets = pages outside the main page tree\n\nThis is a good time to explain how snippets are actually stored. Snippets are really nothing more than objects in the `aposPages` MongoDB collection, with the `type` property set to `snippet` and a slug that *does not* begin with a `/`, so that they don\'t appear directly as part of the page tree. Since they exist outside of the page tree, they don\'t have `rank` or `path` properties. In other respects, though, they are much like regular pages, which means they have a `title` property and an `areas` property containing rich content areas as subproperties. In addition, they can have properties that are unique to snippets.\n\nSince snippets are pages, we can leverage all the capabilities already baked into Apostrophe to manage pages. In particular, the `getPage` and `putPage` methods are used to retrieve and store pages. Those methods check permissions, take care of version control, implement search indexing and perform other tasks common to snippets and regular pages.\n\n### Invoking the Base Class Constructor\n\nNow that we\'ve set up our options, it\'s time to invoke the snippet module\'s constructor so that we can inherit everything it does for us. Then, after doing additional work, we should invoke the callback if any.\n\n    // Call the base class constructor. Don\'t pass the callback, we want to invoke it\n    // ourselves after constructing more stuff\n    snippets.Snippets.call(this, options, null);\n\n    ... do more work here, as described in the following sections ...\n\n    if (callback) {\n      process.nextTick(function() { return callback(null); });\n    }\n\n"What is this `.call` business about?"\n\n`snippets.Snippets` refers to the constructor function for the `apostrophe-snippets` module. JavaScript\'s `call` keyword is a special syntax that means "invoke this function as if it were a method of the first argument passed to `call`." By passing `this` as the first argument to `call`, we ensure that the snippet module\'s constructor\'s `this` is the same object as our own `this`.\n\nIn English, that means that we get all the methods of the snippets module in our own module, for free. And now we can start overriding and extending them.\n\n### Customizing the dispatcher: handling URLs differently\n\nBy default, a snippet index page shows an index of snippets when it is accessed directly. And it shows individual snippets if the rest of the URL, after the slug of the snippet index page, matches the slug of the snippet. It looks like this:\n\nhttp://mysite.com/policies/parties\n\nWhere "/policies" is the slug of a blog index page that the user has added to the page tree, and "parties" is the slug of an individual snippet. (Policies are a rather common use case for directly using snippet index pages on a site.)\n\n### How the `dispatch` method works\n\nThe snippet module has a `dispatch` method that figures this out. All that method really does is:\n\n1. Look at `req.remainder`, which contains the rest of the URL following the URL of the page itself. This will be an empty string if the visitor is looking at the index page itself.\n\n2. Decide whether to serve an index page, a show page, or something else unique to your module\'s purpose.\n\n3. Store any extra variables you wish to pass to the template you\'ll be rendering as properties of the `req.extras` object. This is how you\'ll pass your snippet or snippets to your template after fetching them. Typically the dispatcher calls the `get` method of the snippet module to fetch snippets according to criteria taken from the page settings as well as the query string or portions of the URL. Extending the `get` method is very common and provides a way to add additional criteria that can be used together with the built-in criteria for snippets, such as tags. The `get` method also takes care of permissions, widget loader functions, and other things you really don\'t want to reinvent. And the `get` method provides not just the snippets but also a list of distinct tags that appear among that collection of snippets. The `get` method also implements pagination, together with the default dispatcher and the `addCriteria` method. So we strongly recommend extending `get` rather than querying MongoDB yourself in most cases.\n\n4. Set `req.template` to a function that will render the content of the response when passed the same data that is normally provided to a page template, such as `slug`, `page` (the index page object), `tabs`, `ancestors`, `peers`, etc. Fortunately the snippets module provides a handy `renderer` method for this purpose. So if you want to render the `show.html` template in the `views` subdirectory of your module, you can just write:\n\nreq.template = self.renderer(\'show\');\n\nYou can also set `req.notfound = true;` if appropriate, for instance if the URL looks like a show page but there is no actual snippet that maches the URL.\n\n### Extending the `dispatch` method without overriding it completely\n\nYou can override the `dispatch` method completely if you wish, and sometimes you\'ll need to because your needs are sufficiently different. But much of the time there is an easier way.\n\nIf you just need to change the way the show page URL is parsed, for instance to handle a publication date in the URL like:\n\n    /2013/05/01/hooray-for-apostrophe\n\nThen you can override the `self.isShow` method. The default version is:\n\n      self.isShow = function(req) {\n        if (req.remainder.length) {\n          // Perhaps it\'s a snippet permalink\n          return req.remainder.substr(1);\n        }\n        return false;\n      };\n\nThis just assumes any URL that isn\'t empty is a `/` followed by a snippet slug. This method should return the slug of the snippet (without actually checking whether it exists) or `false` if the URL doesn\'t look like a snippet show page.\n\nTo account for a publication date appearing first in the URL, we could write the following in our module\'s constructor, *after* the call to the snippet module\'s constructor so that our version overrides the other:\n\n    self.isShow = function(req) {\n      var matches = req.remainder.match(/^\\/\\d+\\/\\d+\\/\\d+\\/(.*)$/);\n      if (matches) {\n        return matches[1];\n      }\n      return false;\n    };\n\n(Note that we don\'t actually check the publication date. It\'s just decoration. Snippet slugs are always unique. If a user creates a snippet with a title that matches an existing snippet, the slug is automatically made unique through the addition of random digits.)\n\nThere\'s also another way to achieve the same goal. This technique is worth looking at because it shows us how to call the original `dispatch` method as part of our override. This is similar to calling `parent::dispatch` in PHP or `super.dispatch` in Java:\n\n    // Grab the "superclass" version of the dispatch method so we can call it\n    var superDispatch = self.dispatch;\n\n    self.dispatch = function(req, callback) {\n      if (req.remainder.length) {\n        var matches = req.remainder.match(/^\\/\\d+\\/\\d+\\/\\d+\\/(.*)$/);\n        if (matches) {\n          req.remainder = \'/\' + matches[1];\n        }\n      }\n      superDispatch.call(this, req, callback);\n    };\n\nHere we stash the original method in the variable `superDispatch`, then use the `call` keyword to invoke it as if it were still a method.\n\nThis is an important technique because in many cases we do need the default behavior of the original method and we don\'t want to completely override it. When you completely override something you become responsible for keeping track of any changes in the original method. It\'s better to override as little as possible.\n\n### The Page Loader Function\n\nThe dispatcher is called from a page loader function built in to the snippets module. Page loader functions implement the listener pattern and are given a chance to intervene when pages in the page tree are retrieved by the `apostrophe-pages` module. See the `apostrophe-pages` module for more information about page loader functions in general.\n\nAll you need to know right now is that you must add this page loader function to the `load` option passed when configuring `apostrophe-pages` in `app.js`:\n\n    load: [\n      // Load the global virtual page with things like the shared footer\n      \'global\',\n      // Custom loaders for snippets and their derivatives\n      snippets.loader,\n      blog.loader, ...\n    ]\n\n### Adding New Properties To Your Snippets\n\n*As of 7/11/13, there is a much easier way to do this.* Snippets now support a simple JSON format for creating a schema of fields. Both the browser side and the server side understand this, so all you have to do is add them to the dialogs as described below and set up the schema. You can still do it the hard way, however, if you need custom behavior.\n\nHere is a super-simple example of a project-level subclass of the people module (itself a subclass of snippets) that adds new fields painlessly. In addition to `string` and `boolean` shown here, you can use the types `area`, `singleton`, `choice` and `integer`:\n\n    var _ = require(\'underscore\');\n    var people = require(\'apostrophe-people\');\n\n    module.exports = myPeople;\n\n    function myPeople(options, callback) {\n      return new myPeople.MyPeople(options, callback);\n    }\n\n    myPeople.MyPeople = function(options, callback) {\n      var self = this;\n\n      options.modules = (options.modules || []).concat([ { dir: __dirname, name: \'myPeople\' } ]);\n\n      // Extend people with custom fields. This is all you have to do as long as\n      // you don\'t have special UI or sanitization needs for your fields.\n\n      options.addFields = [\n        {\n          name: \'workPhone\',\n          type: \'string\'\n        },\n        {\n          name: \'workFax\',\n          type: \'string\'\n        },\n        {\n          name: \'department\',\n          type: \'string\'\n        },\n        {\n          name: \'isRetired\',\n          type: \'boolean\'\n        },\n        {\n          name: \'isGraduate\',\n          type: \'boolean\'\n        },\n        {\n          name: \'classOf\',\n          type: \'string\'\n        },\n        {\n          name: \'location\',\n          type: \'string\'\n        }\n      ];\n\n      people.People.call(this, options, null);\n\n      if (callback) {\n        process.nextTick(function() { return callback(null); });\n      }\n    };\n\nThere is also an `alterFields` option available. This must be a function which receives the fields array as its argument and modifies it. Use this when you need to change fields already configured for you.\n\n*TODO: document schemas in much more detail.*\n\nBlog posts have a property that regular snippets don\'t: a publication date. A blog post should not appear before its publication date. To implement that, we need to address several things:\n\n1. Editing that property, as part of the `new.html` and `edit.html` dialogs.\n\n2. Sending that property to the server, via browser-side JavaScript as shown below.\n\n3. Saving the property on the server, by extending the `beforeInsert` and `beforeUpdate` methods of the snippets module on the server side.\n\n4. Making that property part of our criteria for fetching snippets, by extending the `get` method of the snippets module.\n\n### Adding Properties to the New and Edit Dialogs\n\nThis is the easiest part. First copy `new.html` and `edit.html` from the `view` folder of the snippets module to your own module\'s `view` folder. Then add the new fields in `new.html`, like this:\n\n    {{ snippetText(\'publication-date\', \'Publication Date\') }}\n\nSee `snippetMacros.html` for all of the available convenience macros for adding fields.\n\nAlthough we don\'t need to for blogs, it\'s possible to add extra Apostrophe areas and singletons (standalone widgets of a fixed type) to any snippet. You can do that with the `snippetSingleton` and `snippetArea` macros, as seen here:\n\n    {{ snippetSingleton(\'thumbnail\', \'Thumbnail\') }}\n    {{ snippetArea(\'body\', \'Body\') }}\n\nThe real work of initializing these takes place in browser-side JavaScript.\n\nNote that we don\'t have to explicitly add these properties to `edit.html` as it extends `new.html`.\n\n### Sending Extra Properties to the Server: Subclassing on the Browser Side\n\n*NOTE: you can skip this if you use the `addFields` option as described earlier.*\n\nNext we\'ll need to send our extra properties to the server when a snippet is saved. Until this point all of the code we\'ve looked at has been on the server side. But of course snippets also have browser-side JavaScript code to implement the "new," "edit" and "manage" dialogs. You can find that code in `apostrophe-snippets/public/js/editor.js`.\n\nJust like the server side code, this browser side code can be subclassed and extended. In fact, we must extend it for our new subclass of snippets to work. Here\'s how to do that:\n\n1. Create a `public` folder in your module. This is where static assets meant to be served to the browser will live for your module.\n\n2. Create a `js` subdirectory of that folder for your browser-side JavaScript files.\n\n3. Create an `editor.js` file and a `content.js` file in that folder.\n\n`editor.js` will house all of the logic for subclassing snippets and is only loaded in the browser if a user is logged in. `content.js` is always loaded, giving us a convenient way to split up the logic between the _editing_ interface of the blog and the javascript related to showing it. We won\'t be making use of `content.js` for our Blog, but if we were making a widget such as a slideshow that required some logic this is where we would put it.\n\nHere\'s what `editor.js` looks like for the blog module:\n\n    function AposBlog(optionsArg) {\n      ...\n    }\n\n    AposBlog.addWidgetType = function(options) {\n      ...\n    }\n\nHere we have two things: a constructor to create the module\'s browser-side JavaScript object, and a separate function to add a new widget to the site for reusing articles. *Since we have a distinct instance type, we must have a distinct widget too if we want to display blog posts via widgets.*\n\nThe `AposBlog` constructor\'s name is not an accident. `Apos` (or apos, for anything that is not a constructor) is the reserved prefix for Apostrophe-related variables on the browser side. The snippet module\'s server-side code will automatically push a JavaScript call into a block of browser-side calls at the end of the `body` element that creates and initializes the browser-side object for us.\n\nBy default, if the `name` option of our module is `blog`, the server will push a call to create an `AposBlog` object, passing it many of the same options the server side object receives:\n\n    new AposBlog({ name: \'blog\', instance: \'blogPost\', css: \'blog-post\', typeCss: \'blog\', ... })\n\nThe `css` property is a CSS-friendly name for the instance type. The `typeCss` property is a CSS-friendly name for the index page type. These CSS-friendly names are very useful when manipulating DOM elements with jQuery.\n\nHowever, *please do not use the Apos prefix or the `apostrophe-` prefix for your own modules*. Just to avoid confusion, we ask that third-party developers use their own prefix. You don\'t want your code to stop working when we release a module of the same name. We don\'t even use the prefix ourselves if we are writing project-specific code that won\'t be published in the npm repository.\n\n"But if I use my own prefix, how will the server push the right call to construct my object?" Good question. You can fix that by adding one more property when you initialize your module on the server side as shown earlier:\n\n    _.defaults(options, {\n      instance: \'blogPost\',\n      name: options.name || \'blog\',\n      ...\n      browser: {\n        construct: \'MyBlog\'\n      }\n    });\n\nNow the server will push a call to create a `MyBlog\' object instead.\n\nBut we still haven\'t seen how extra properties of a snippet are handled. So let\'s look at that code from `editor.js` in the blog module.\n\nWe\'ll create a `findExtraFields` function to take care of locating the fields in the form via jQuery and storing them in a `data` object provided by the caller. Note this function takes a callback so you can do time-consuming tasks if necessary:\n\n    function findExtraFields($el, data, callback) {\n      data.publicationDate = $el.find(\'[name="publication-date"]\').val();\n      callback();\n    }\n\n `$el` is a jQuery reference to the modal dialog in which the blog post is being edited or created.\n\n*IMPORTANT: we ALWAYS use `$el.find` to locate the field we want within the context of the dialog. We NEVER use `$(\'[name="our-field"]\')`. Otherwise your code WILL eventually conflict with unrelated code. Scope is a good thing.*\n\nBut who calls this function? We\'ll do it, in our `beforeInsert` and `beforeUpdate` methods. These methods start out empty in the snippets module, for our overriding convenience. Just keep in mind that if you subclass a module such as the blog module you\'ll need to make sure you call the original version as well as adding your custom data (see the `superDispatch` example above).\n\n    self.beforeInsert = function($el, data, callback) {\n      findExtraFields($el, data, callback);\n    };\n\n    self.beforeUpdate = function($el, data, callback) {\n      findExtraFields($el, data, callback);\n    };\n\nThe snippets module will call these for us automatically before saving or updating a blog post.\n\nWe also need to initialize these fields when the dialog is first displayed. We do that by extending the `afterPopulatingEditor` method. Note the use of the `super` technique to invoke the original version. We\'ll let the original version invoke the callback when it\'s done:\n\n    var superAfterPopulatingEditor = self.afterPopulatingEditor;\n    self.afterPopulatingEditor = function($el, snippet, callback) {\n      $el.find(\'[name="publication-date"]\').val(snippet.publicationDate);\n      return superAfterPopulatingEditor.call(self, $el, snippet, callback);\n    };\n\n*"Great, but what about areas in snippets?"* Good question. It\'s all well and good to expect you to just call `.val()` on a jQuery object for a text field or a select element, but Apostrophe areas are a different animal. Fortunately there are conveniences to help you.\n\nLet\'s set up an additional area called `parking`. We\'ll need a call in `afterPopulatingEditor`:\n\n    self.enableArea($el, \'parking\', snippet.areas.parking, function() {\n      return superAfterPopulatingEditor($el, snippet, callback);\n    });\n\nThe second argument is the field name as passed to the `snippetArea` macro. The third is the area object in the snippet (which may not exist yet; that\'s OK). And the last is a callback to be invoked when the area is ready. We should do the rest of our work in that callback.\n\nHere we have no further areas to initialize so we invoke the `superAfterPopulatingEditor` from the callback for this area.\n\nWe also need to add our custom area to the `findExtraFields` function:\n\n    data.parking = self.getAreaJSON($el, \'parking\');\n\nAs the name implies, this method converts the area to a JSON string ready to send to the server.\n\n### Other methods to consider overriding on the browser side\n\nThere are other methods you can override or extend. `addingToManager` is called before a snippet is added to the "manage blog posts" list view. The blog module overrides this method to add the publication date and tags of the snippet to fields that have been customized in each row of the `manage.html` template. (Note this method does not take a callback, as a reminder to keep it light and fast; loading something asynchronously for every row in the list view is just too slow.)\n\n```\n  self.addingToManager = function($el, $snippet, snippet) {\n    $snippet.find(\'[data-date]\').text(snippet.publicationDate);\n    if (snippet.tags !== null) {\n      $snippet.find(\'[data-tags]\').text(snippet.tags);\n    }\n  };\n```\n\n### Pushing our JavaScript and CSS assets to the browser\n\nGreat, but how do our `editor.js` and `content.js` files make it to the browser? And what about the various templates that are instantiated on the browser side to display modals like "New Blog Post" and "Manage Blog Posts?"\n\nThe answer is that the snippet module pushes them there for us:\n\n    self.pushAsset(\'script\', \'editor\');\n    self.pushAsset(\'stylesheet\', \'editor\');\n    self.pushAsset(\'script\', \'content\');\n    self.pushAsset(\'stylesheet\', \'content\');\n    self.pushAsset(\'template\', \'new\');\n    self.pushAsset(\'template\', \'edit\');\n    self.pushAsset(\'template\', \'manage\');\n    self.pushAsset(\'template\', \'import\');\n\nAs explained in the documentation of the main `apostrophe` module, the `pushAsset` call schedules scripts, stylesheets and templates to be "pushed" to the browser when building a complete webpage. Scripts and stylesheets are typically minified together in production, and templates that are pushed to the browser in this way are hidden at the end of the `body` element where they can be cloned when they are needed by the `apos.fromTemplate` method. And since we specified our own directory when setting up the `dirs` option, our versions of these files are found first.\n\nSo you don\'t need to worry about delivering any of the above files (`editor.js`, `editor.less`, `content.js`, `content.less`, `new.html`, `edit.html`, `manage.html`, and `import.html`). But if you wish to push additional browser-side assets as part of every page request, now you know how.\n\n### Saving Extra Properties on the Server\n\nNow that we\'ve introduced extra properties, and seen to it that they will be included when a new blog post is sent to the server, we need to enhance our server-side code a little to receive them.\n\nThe server-side code in `apostrophe-blog/index.js` is very similar to the code we saw in the browser.\n\nWe create an `appendExtraFields` function, handy for both new and updated blog posts:\n\n    function appendExtraFields(data, snippet, callback) {\n      snippet.publicationDate = self._apos.sanitizeDate(data.publicationDate, snippet.publicationDate);\n      return callback(null);\n    }\n\nNote the use of the `apos.sanitizeDate` method. The `apostrophe` module offers a number of handy methods for sanitizing input. The `sanitize` npm module is also helpful in this area. Always remember that you cannot trust a web browser to submit valid, safe, correct input.\n\n*Apostrophe\'s philosophy is to sanitize input rather than validating it.* If the user enters something incorrect, substitute something reasonable and safe; don\'t force them to stop and stare at a validation error. Or if you must do that, do it in browser-side JavaScript to save time. Is the slug a duplicate of another snippet\'s slug? Modify it. (We already do this for you.) Is the title blank? Provide one. (We do this too.)\n\nAnd if the user\'s input actually appears malicious... send a `404` status code back and go on with your day. Why send a hacker a detailed and polite error message? You\'re only helping them.\n\nOf course, `appendExtraFields` is a function we just made up; we need to call it from overrides of methods that the snippets module actually knows about:\n\n    self.beforeInsert = function(req, data, snippet, callback) {\n      appendExtraFields(data, snippet, callback);\n    };\n\n    self.beforeUpdate = function(req, data, snippet, callback) {\n      appendExtraFields(data, snippet, callback);\n    };\n\n"What about areas?" In our earlier example we introduced an Apostrophe content area named `parking` as part of a snippet. Here\'s how to sanitize and store that on the server side:\n\n    // Transportation is an area, ask snippet/index.js to process it for us automatically\n    self.convertFields.push({ type: \'area\', name: \'transportation\' });\n\n*Important:* you don\'t need to do this as part of your `appendExtraFields` call. You register it just once in your constructor, after calling the snippet module constructor that provides the service.\n\nSupport for automatically converting fields is nice, and yes, we should support it for more field types in the future.\n\n### Extending the `get` method to support custom criteria\n\nSo far, so good. But what if we want to limit the blog posts that appear on the index page to those whose publication date has already passed? While we\'re at it, can\'t we put the blog posts in the traditional descending order by publication date?\n\nThose are very reasonable requests. Here\'s how to do it. Once again we\'ll use the `super` pattern to extend the existing method:\n\n    // Establish the default sort order for blog posts\n    var superGet = self.get;\n\n    self.get = function(req, optionsArg, callback) {\n      var options = {};\n\n      extend(options, optionsArg || {}, true);\n\n      if (options.publicationDate === \'any\') {\n        delete options.publicationDate;\n      } else if (!options.publicationDate) {\n        options.publicationDate = { $lte: moment().format(\'YYYY-MM-DD\') };\n      } else {\n        // Custom criteria were passed for publicationDate\n      }\n\n      if (!options.sort) {\n        options.sort = { publicationDate: -1 };\n      }\n      return superGet.call(self, req, options, callback);\n    };\n\nThe `get` method accepts an `options` argument, an object which eventually becomes a set of criteria to be passed as the first argument to a MongoDB `find()` call. Here we start by coping the entire `options` object with the `extend` function, which is available via the `extend` npm module.\n\n"Hang on a second! Why are we copying the options?" Because we\'re going to change them. And when you pass an object in JavaScript, you\'re *not copying it*. Which means that if you modify it, *the original is modified*. And the code that\'s calling our function might not like that. So we copy the options before we start to alter them.\n\nWe begin by checking for a special case: if `publicationDate` is set to `any`, we actually do want to see unpublished blog posts. So we remove the property from the `options` object so it doesn\'t get passed to MongoDB. This option is used when implementing the admin interface, as you\'ll see below.\n\nNext we set up the default behavior: if no `publicationDate` option has already been specified, we set it up as a MongoDB query for dates prior to or equal to today\'s date. (See the documentation of the `moment` npm module, used here to format a date in the correct way to compare it to our publication dates.)\n\nFinally, if no sorting criteria have already been specified, we specify a sort in reverse order by publication date (the traditional order for a blog).\n\nFinally we invoke the original version of the `get` method.\n\n### When the `manage` dialog and the public should see different things\n\nAn editor managing blog posts through the "Manage Blog Posts" dialog needs to see slightly different things than a member of the public. For instance, they should see posts whose publication date has not yet arrived.\n\nThe snippets module provides an `addApiCriteria` method for adding special criteria only when an API is being called. This allows us to treat requests for blog posts made by the "Manage Blog Posts" dialog differently:\n\n    var superAddApiCriteria = self.addApiCriteria;\n    self.addApiCriteria = function(query, criteria) {\n      superAddApiCriteria.call(self, query, criteria);\n      criteria.publicationDate = \'any\';\n    };\n\nHere we extend `addApiCriteria` to explicitly include posts whose publication date has not yet arrived. Since this method is invoked for us before `get` is called to populate the "Manage Blog Posts" dialog, we\'ll see the additional posts that haven\'t been shared with the world yet.\n\n### When Two Page Types Have the Same Instance Type\n\n"Great, now I know how to subclass snippets in a big way. But all I want to do is present blog posts a little differently if my user picks the \'press releases\' page type. What\'s the absolute minimum I have to do?"\n\nFair question. You still need to subclass snippets (or, in this case, subclass the blog which is a subclass of snippets; it works the same way). But you don\'t have to do everything. Here\'s how we subclass the blog module in one of our projects to introduce a separate page type for "press releases." All we wanted was an index page that displays regualr blog posts a little bit differently:\n\n    // First initialize the blog. You must do this first. These functions are called in sequence via async.series\n\n    function initAposBlog(callback) {\n      blog = require(\'apostrophe-blog\')({\n        apos: apos,\n        pages: pages,\n        app: app,\n        widget: true,\n        dirs: [ __dirname+\'/overrides/apostrophe-blog\' ]\n      }, callback);\n    }\n\n    // Now initialize press releases\n\n    function initAposPressReleases(callback) {\n      pressReleases = require(\'./lib/modules/pressReleases/index.js\')({\n        apos: apos,\n        pages: pages,\n        app: app,\n        widget: true,\n        dirs: [ __dirname+\'/lib/modules/pressReleases/views\' ],\n        browser: {\n          construct: \'PressReleases\'\n        },\n        // No special widget for press releases\n        widget: false\n      }, callback);\n    }\n\nHere\'s `lib/modules/pressReleases/index.js`:\n\n    var _ = require(\'underscore\');\n    var blog = require(\'apostrophe-blog\');\n\n    module.exports = pressReleases;\n\n    function pressReleases(options, callback) {\n      return new pressReleases.PressReleases(options, callback);\n    }\n\n    pressReleases.PressReleases = function(options, callback) {\n      var self = this;\n      _.defaults(options, {\n        instance: \'blogPost\',\n        name: options.name || \'pressReleases\',\n        label: options.name || \'Press Releases\',\n        icon: false,\n        webAssetDir: __dirname\n      });\n\n      blog.Blog.call(this, options, null);\n\n      if (callback) {\n        process.nextTick(function() { return callback(null); });\n      }\n    };\n\nDon\'t forget to register the page loader function in `app.js` where you configure the `apostrophe-pages` module:\n\n    load: [\n      ...\n      snippets.loader,\n      blog.loader,\n      pressReleases.loader\n    ]\n\nWe also need a bare-bones `lib/modules/pressReleases/public/js/editor.js` file on the browser side:\n\n    function PressReleases(options) {\n      var self = this;\n      AposBlog.call(self, options);\n    }\n\nThat\'s it! Now we can copy the regular blog module `index.html` and `show.html` files to our module\'s `views` folder and modify them as much as we like. If the user picks "Press Releases" rather than "Blog," they\'ll see our customized treatment of the index and show pages. Since we are using the same instance type as the regular "Blog" page type, we don\'t have to provide a new admin menu or a separate snippet for reuse around the site.\n\n## Conclusion\n\nPhew! That\'s a lot to chew on. But once you\'ve digested it, you\'ll be able to create new content types in Apostrophe with very little work and as much code reuse as possible. That\'s a very cool thing.\n\nWe strongly recommend reading the documentation of the `apostrophe` and `apostrophe-pages` modules as well. There are no special privileges accorded to snippets in Apostrophe. Everything they offer is built on Apostrophe\'s modal templates, widgets, page storage capabilities and page loader functions.\n',
108 silly publish   readmeFilename: 'README.md',
108 silly publish   _id: 'apostrophe-snippets@0.0.46',
108 silly publish   dist: { shasum: 'b55b7fc4a98caa9cfb3b58609002cb90cbae989a' },
108 silly publish   _from: '.' }
109 verbose url raw apostrophe-snippets
110 verbose url resolving [ 'https://registry.npmjs.org/', './apostrophe-snippets' ]
111 verbose url resolved https://registry.npmjs.org/apostrophe-snippets
112 info trying registry request attempt 1 at 17:50:33
113 http PUT https://registry.npmjs.org/apostrophe-snippets
114 http 409 https://registry.npmjs.org/apostrophe-snippets
115 verbose url raw apostrophe-snippets
116 verbose url resolving [ 'https://registry.npmjs.org/', './apostrophe-snippets' ]
117 verbose url resolved https://registry.npmjs.org/apostrophe-snippets
118 info trying registry request attempt 1 at 17:50:34
119 http GET https://registry.npmjs.org/apostrophe-snippets
120 http 200 https://registry.npmjs.org/apostrophe-snippets
121 error publish fail Cannot publish over existing version.
121 error publish fail Update the 'version' field in package.json and try again.
121 error publish fail
121 error publish fail If the previous version was published in error, see:
121 error publish fail     npm help unpublish
121 error publish fail
121 error publish fail To automatically increment version numbers, see:
121 error publish fail     npm help version
122 error System Darwin 12.4.0
123 error command "/opt/local/bin/node" "/opt/local/bin/npm" "publish"
124 error cwd /Users/boutell/src/apostrophe-snippets
125 error node -v v0.10.4
126 error npm -v 1.2.18
127 error code EPUBLISHCONFLICT
128 verbose exit [ 1, true ]
